<?xml version="1.0" encoding="UTF-8"?>
<!-- Generated by org.testng.reporters.JUnitReportReporter -->
<testsuite hostname="DESKTOP-EA7D6FA" failures="0" tests="1" name="automation.tests.HomeTest" time="4.385" errors="0" timestamp="2023-05-01T23:49:31 GMT" skipped="0">
  <testcase classname="automation.tests.HomeTest" name="test1" time="4.385"/>
  <system-out>
    <![CDATA[Navigating to http://localhost/liquor-store-app-main/index.php]]>
  </system-out>
</testsuite> <!-- automation.tests.HomeTest -->
