<?xml version="1.0" encoding="UTF-8"?>
<!-- Generated by org.testng.reporters.JUnitReportReporter -->
<testsuite hostname="DESKTOP-EA7D6FA" failures="0" tests="1" name="automation.tests.StoreLoginTest" time="5.324" errors="0" timestamp="2023-05-27T03:05:13 GMT" skipped="0">
  <testcase classname="automation.tests.StoreLoginTest" name="test011" time="5.324"/>
  <system-out>
    <![CDATA[Navigating to http://localhost/liquor-store-app-main/index.php]]>
  </system-out>
</testsuite> <!-- automation.tests.StoreLoginTest -->
