<?xml version="1.0" encoding="UTF-8"?>
<!-- Generated by org.testng.reporters.JUnitReportReporter -->
<testsuite hostname="DESKTOP-EA7D6FA" failures="0" tests="1" name="automation.pageobjects.loog" time="2.366" errors="0" timestamp="2023-04-20T00:15:17 GMT" skipped="0">
  <testcase classname="automation.pageobjects.loog" name="testHomepage" time="2.366"/>
  <system-out/>
</testsuite> <!-- automation.pageobjects.loog -->
