<?xml version="1.0" encoding="UTF-8"?>
<!-- Generated by org.testng.reporters.JUnitReportReporter -->
<testsuite hostname="DESKTOP-EA7D6FA" failures="0" tests="1" name="automation.pageobjects.all01" time="9.294" errors="0" timestamp="2023-04-19T20:30:42 GMT" skipped="0">
  <testcase classname="automation.pageobjects.all01" name="testRegisterPage" time="9.294"/>
  <system-out/>
</testsuite> <!-- automation.pageobjects.all01 -->
