<?xml version="1.0" encoding="UTF-8"?>
<!-- Generated by org.testng.reporters.JUnitReportReporter -->
<testsuite skipped="0" hostname="DESKTOP-KEHKU6I" name="runner.HomePageRunner" tests="2" failures="0" timestamp="2019-10-01T14:00:58 IST" time="43.127" errors="0">
  <testcase name="runScenario" time="19.717" classname="runner.HomePageRunner"/>
  <testcase name="runScenario" time="23.410" classname="runner.HomePageRunner"/>
</testsuite> <!-- runner.HomePageRunner -->
